2021-06-10|11:10:27|Server started 
2021-06-10|11:10:53|User mattias connected 
2021-06-10|11:10:53|Active users list sent. 
2021-06-10|11:11:00|User mattias2 connected 
2021-06-10|11:11:00|Active users list sent. 
2021-06-10|11:11:21|Message from mattias added to unsent list for mattias2 
2021-06-10|11:11:21|Message from mattias sent to mattias2 
2021-06-10|11:11:29|Message from mattias added to unsent list for mattias2 
2021-06-10|11:11:29|Message from mattias sent to mattias2 
2021-06-10|11:11:53|User mattias2 has disconnected. 
2021-06-10|11:11:53|Active users list sent. 
2021-06-10|11:11:53|User mattias has disconnected. 
2021-06-10|11:11:53|Active users list sent. 
2021-06-10|11:14:39|User mattias connected 
2021-06-10|11:14:39|Active users list sent. 
2021-06-10|11:14:48|User mattias2 connected 
2021-06-10|11:14:48|Sending unsent messages to mattias2 
2021-06-10|11:14:48|Message from mattias sent to mattias2 
2021-06-10|11:14:48|Sending unsent messages to mattias2 
2021-06-10|11:14:48|Message from mattias sent to mattias2 
2021-06-10|11:14:48|Active users list sent. 
2021-06-10|11:15:26|User mattias2 has disconnected. 
2021-06-10|11:15:26|Active users list sent. 
2021-06-10|11:15:26|User mattias has disconnected. 
2021-06-10|11:15:26|Active users list sent. 
